<?xml version="1.0" encoding="UTF-8"?>
<testsuite name="com.yfuse.core.designsystem.ThemeCrossfadeStateTest" tests="4" skipped="0" failures="0" errors="0" timestamp="2026-09-10T10:37:04.908Z" hostname="DESKTOP-HM2J0FM" time="0.031">
  <properties/>
  <testcase name="hidden_routes_take_the_target_without_an_animation_clock" classname="com.yfuse.core.designsystem.ThemeCrossfadeStateTest" time="0.009"/>
  <testcase name="reducing_motion_mid_transition_finishes_the_unchanged_target" classname="com.yfuse.core.designsystem.ThemeCrossfadeStateTest" time="0.013"/>
  <testcase name="rapid_theme_reversal_starts_from_the_visible_colour" classname="com.yfuse.core.designsystem.ThemeCrossfadeStateTest" time="0.005"/>
  <testcase name="changing_accent_does_not_snap_an_in_progress_background_transition" classname="com.yfuse.core.designsystem.ThemeCrossfadeStateTest" time="0.004"/>
  <system-out><![CDATA[]]></system-out>
  <system-err><![CDATA[]]></system-err>
</testsuite>
