<?xml version="1.0" encoding="UTF-8"?>
<testsuite name="com.yfuse.tv.focus.FocusRestorePolicyTest" tests="6" skipped="0" failures="0" errors="0" timestamp="2026-09-17T09:47:16.429Z" hostname="DESKTOP-HM2J0FM" time="0.009">
  <properties/>
  <testcase name="emptyOrDisabledDatasetCannotRestore" classname="com.yfuse.tv.focus.FocusRestorePolicyTest" time="0.002"/>
  <testcase name="preferredSectionThenFirstAvailableAreDeterministic" classname="com.yfuse.tv.focus.FocusRestorePolicyTest" time="0.006"/>
  <testcase name="stableIdWinsWhenListOrderChanges" classname="com.yfuse.tv.focus.FocusRestorePolicyTest" time="0.0"/>
  <testcase name="removedItemFallsBackToNearestEnabledIndexInSameSection" classname="com.yfuse.tv.focus.FocusRestorePolicyTest" time="0.0"/>
  <testcase name="followsStableItemWhenBackendMovesItToAnotherSection" classname="com.yfuse.tv.focus.FocusRestorePolicyTest" time="0.001"/>
  <testcase name="ignoresAnchorFromAnotherProfileAndUsesPreferredTarget" classname="com.yfuse.tv.focus.FocusRestorePolicyTest" time="0.0"/>
  <system-out><![CDATA[]]></system-out>
  <system-err><![CDATA[]]></system-err>
</testsuite>
