<?xml version="1.0" encoding="UTF-8"?>
<testsuite name="com.yfuse.feature.profile.ProfileSettingsLogicTest" tests="6" skipped="0" failures="0" errors="0" timestamp="2026-09-17T09:47:16.243Z" hostname="DESKTOP-HM2J0FM" time="0.008">
  <properties/>
  <testcase name="ordinary_playback_settings_expose_goals_without_backend_names" classname="com.yfuse.feature.profile.ProfileSettingsLogicTest" time="0.002"/>
  <testcase name="download_filters_and_sorts_keep_the_expected_real_tasks" classname="com.yfuse.feature.profile.ProfileSettingsLogicTest" time="0.004"/>
  <testcase name="download_byte_labels_keep_unit_boundaries_readable" classname="com.yfuse.feature.profile.ProfileSettingsLogicTest" time="0.0"/>
  <testcase name="video_cache_summary_reports_usage_limit_and_disabled_residue" classname="com.yfuse.feature.profile.ProfileSettingsLogicTest" time="0.001"/>
  <testcase name="root_playback_summary_uses_ycore_goals_instead_of_backend_names" classname="com.yfuse.feature.profile.ProfileSettingsLogicTest" time="0.001"/>
  <testcase name="every_real_engine_and_decoder_has_clear_non_empty_copy" classname="com.yfuse.feature.profile.ProfileSettingsLogicTest" time="0.0"/>
  <system-out><![CDATA[]]></system-out>
  <system-err><![CDATA[]]></system-err>
</testsuite>
