<?xml version="1.0" encoding="UTF-8"?>
<testsuite name="com.yfuse.core2.android.AndroidExternalSubtitleSessionTest" tests="1" skipped="0" failures="0" errors="0" timestamp="2026-09-17T09:47:09.717Z" hostname="DESKTOP-HM2J0FM" time="0.002">
  <properties/>
  <testcase name="catalog preparation does not download and only requested subtitles are loaded" classname="com.yfuse.core2.android.AndroidExternalSubtitleSessionTest" time="0.002"/>
  <system-out><![CDATA[]]></system-out>
  <system-err><![CDATA[]]></system-err>
</testsuite>
