<?xml version="1.0" encoding="UTF-8"?>
<testsuite name="com.yfuse.feature.player.ExoDrmConfigurationTest" tests="2" skipped="0" failures="0" errors="0" timestamp="2026-09-17T09:47:15.762Z" hostname="DESKTOP-HM2J0FM" time="0.002">
  <properties/>
  <testcase name="server_transcode_does_not_reuse_original_stream_keys" classname="com.yfuse.feature.player.ExoDrmConfigurationTest" time="0.0"/>
  <testcase name="original_stream_receives_secure_media3_configuration" classname="com.yfuse.feature.player.ExoDrmConfigurationTest" time="0.002"/>
  <system-out><![CDATA[]]></system-out>
  <system-err><![CDATA[]]></system-err>
</testsuite>
