<?xml version="1.0" encoding="UTF-8"?>
<testsuite name="com.yfuse.feature.profile.AccountInviteUiContractTest" tests="2" skipped="0" failures="0" errors="0" timestamp="2026-09-17T09:47:16.234Z" hostname="DESKTOP-HM2J0FM" time="0.004">
  <properties/>
  <testcase name="invite_code_is_grouped_for_readability_without_changing_the_credential" classname="com.yfuse.feature.profile.AccountInviteUiContractTest" time="0.004"/>
  <testcase name="invitation_expiry_is_rendered_as_an_explicit_utc_time" classname="com.yfuse.feature.profile.AccountInviteUiContractTest" time="0.0"/>
  <system-out><![CDATA[]]></system-out>
  <system-err><![CDATA[]]></system-err>
</testsuite>
