<?xml version="1.0" encoding="UTF-8"?>
<testsuite name="com.yfuse.feature.player.SubtitleAppearanceTest" tests="2" skipped="0" failures="0" errors="0" timestamp="2026-09-17T09:47:16.216Z" hostname="DESKTOP-HM2J0FM" time="0.0">
  <properties/>
  <testcase name="mpv_colour_reorders_argb_to_rgba" classname="com.yfuse.feature.player.SubtitleAppearanceTest" time="0.0"/>
  <testcase name="brightness_dims_text_without_changing_alpha_or_background" classname="com.yfuse.feature.player.SubtitleAppearanceTest" time="0.0"/>
  <system-out><![CDATA[]]></system-out>
  <system-err><![CDATA[]]></system-err>
</testsuite>
