<?xml version="1.0" encoding="UTF-8"?>
<testsuite name="com.yfuse.core2.android.AndroidAudioRouteEvidenceTest" tests="4" skipped="0" failures="0" errors="0" timestamp="2026-09-17T09:47:09.139Z" hostname="DESKTOP-HM2J0FM" time="0.001">
  <properties/>
  <testcase name="TrueHD carrier is not promoted to Atmos by encoding support alone" classname="com.yfuse.core2.android.AndroidAudioRouteEvidenceTest" time="0.001"/>
  <testcase name="JOC needs the exact active routed-device encoding" classname="com.yfuse.core2.android.AndroidAudioRouteEvidenceTest" time="0.0"/>
  <testcase name="route evidence needs clock progress after every route change" classname="com.yfuse.core2.android.AndroidAudioRouteEvidenceTest" time="0.0"/>
  <testcase name="spatialized PCM is tied to an Atmos source" classname="com.yfuse.core2.android.AndroidAudioRouteEvidenceTest" time="0.0"/>
  <system-out><![CDATA[]]></system-out>
  <system-err><![CDATA[]]></system-err>
</testsuite>
