<?xml version="1.0" encoding="UTF-8"?>
<testsuite name="com.yfuse.core.playback.PlaybackDrmTest" tests="2" skipped="0" failures="0" errors="0" timestamp="2026-09-17T09:47:06.616Z" hostname="DESKTOP-HM2J0FM" time="0.003">
  <properties/>
  <testcase name="diagnostic_string_redacts_license_credentials" classname="com.yfuse.core.playback.PlaybackDrmTest" time="0.003"/>
  <testcase name="offline_key_equality_uses_key_contents" classname="com.yfuse.core.playback.PlaybackDrmTest" time="0.0"/>
  <system-out><![CDATA[]]></system-out>
  <system-err><![CDATA[]]></system-err>
</testsuite>
