<?xml version="1.0" encoding="UTF-8"?>
<testsuite name="com.yfuse.core2.api.YPlayerDiagnosticsTest" tests="4" skipped="0" failures="0" errors="0" timestamp="2026-09-17T09:47:13.286Z" hostname="DESKTOP-HM2J0FM" time="0.0">
  <properties/>
  <testcase name="immersive carrier and spatialized pcm are not promoted to native dual Dolby" classname="com.yfuse.core2.api.YPlayerDiagnosticsTest" time="0.0"/>
  <testcase name="carrier without exact object evidence is never dual Dolby" classname="com.yfuse.core2.api.YPlayerDiagnosticsTest" time="0.0"/>
  <testcase name="spatialized Atmos source qualifies only for presentation parity" classname="com.yfuse.core2.api.YPlayerDiagnosticsTest" time="0.0"/>
  <testcase name="native dual Dolby requires both outputs to be verified" classname="com.yfuse.core2.api.YPlayerDiagnosticsTest" time="0.0"/>
  <system-out><![CDATA[]]></system-out>
  <system-err><![CDATA[]]></system-err>
</testsuite>
