<?xml version="1.0" encoding="UTF-8"?>
<testsuite name="com.yfuse.feature.player.PlayerEngineFactoryPolicyTest" tests="2" skipped="0" failures="0" errors="0" timestamp="2026-09-17T09:47:16.011Z" hostname="DESKTOP-HM2J0FM" time="0.0">
  <properties/>
  <testcase name="disabled_or_crash_blocked_trial_stays_on_the_selected_legacy_engine" classname="com.yfuse.feature.player.PlayerEngineFactoryPolicyTest" time="0.0"/>
  <testcase name="core2_trial_is_only_available_in_automatic_engine_mode" classname="com.yfuse.feature.player.PlayerEngineFactoryPolicyTest" time="0.0"/>
  <system-out><![CDATA[]]></system-out>
  <system-err><![CDATA[]]></system-err>
</testsuite>
