<?xml version="1.0" encoding="UTF-8"?>
<testsuite name="com.yfuse.feature.player.ExoMainFeatureSupportTest" tests="3" skipped="0" failures="0" errors="0" timestamp="2026-09-17T09:47:15.771Z" hostname="DESKTOP-HM2J0FM" time="0.004">
  <properties/>
  <testcase name="trueHdAndEac3UseTheLocalSafetyFallback" classname="com.yfuse.feature.player.ExoMainFeatureSupportTest" time="0.0"/>
  <testcase name="hdr10PlusIsReportedOnlyWithPqAndServerSignal" classname="com.yfuse.feature.player.ExoMainFeatureSupportTest" time="0.004"/>
  <testcase name="serverResolvedM2tsUsesMpegTsExtractorWithoutAnExtension" classname="com.yfuse.feature.player.ExoMainFeatureSupportTest" time="0.0"/>
  <system-out><![CDATA[]]></system-out>
  <system-err><![CDATA[]]></system-err>
</testsuite>
