<?xml version="1.0" encoding="UTF-8"?>
<testsuite name="com.yfuse.core.security.CredentialPersistingSettingsTest" tests="2" skipped="0" failures="0" errors="0" timestamp="2026-09-17T09:47:06.694Z" hostname="DESKTOP-HM2J0FM" time="0.004">
  <properties/>
  <testcase name="secret_writes_and_removals_commit_while_ordinary_preferences_apply" classname="com.yfuse.core.security.CredentialPersistingSettingsTest" time="0.003"/>
  <testcase name="failed_commit_is_not_reported_as_a_saved_secret" classname="com.yfuse.core.security.CredentialPersistingSettingsTest" time="0.0"/>
  <system-out><![CDATA[]]></system-out>
  <system-err><![CDATA[]]></system-err>
</testsuite>
