<?xml version="1.0" encoding="UTF-8"?>
<testsuite name="com.yfuse.core.model.MediaServerCapabilitiesTest" tests="2" skipped="0" failures="0" errors="0" timestamp="2026-09-17T09:47:05.143Z" hostname="DESKTOP-HM2J0FM" time="0.0">
  <properties/>
  <testcase name="plex exposes analysis without pretending to support emby APIs" classname="com.yfuse.core.model.MediaServerCapabilitiesTest" time="0.0"/>
  <testcase name="emby family exposes user data and server task capabilities" classname="com.yfuse.core.model.MediaServerCapabilitiesTest" time="0.0"/>
  <system-out><![CDATA[]]></system-out>
  <system-err><![CDATA[]]></system-err>
</testsuite>
