<?xml version="1.0" encoding="UTF-8"?>
<testsuite name="com.yfuse.core.account.PersonalCloudSyncTest" tests="1" skipped="0" failures="0" errors="0" timestamp="2026-09-17T09:47:01.680Z" hostname="DESKTOP-HM2J0FM" time="0.318">
  <properties/>
  <testcase name="encryptedPersonalSyncMergesDevicesRetriesCasAndPreservesCloudServerSettings" classname="com.yfuse.core.account.PersonalCloudSyncTest" time="0.318"/>
  <system-out><![CDATA[]]></system-out>
  <system-err><![CDATA[]]></system-err>
</testsuite>
