<?xml version="1.0" encoding="UTF-8"?>
<testsuite name="com.yfuse.feature.player.BdJDiscNavigationBackendTest" tests="4" skipped="0" failures="0" errors="0" timestamp="2026-09-17T09:47:15.746Z" hostname="DESKTOP-HM2J0FM" time="0.002">
  <properties/>
  <testcase name="runtime_without_authored_bdj_menu_is_not_advertised_as_ready" classname="com.yfuse.feature.player.BdJDiscNavigationBackendTest" time="0.002"/>
  <testcase name="close_is_idempotent_and_makes_the_provider_inert" classname="com.yfuse.feature.player.BdJDiscNavigationBackendTest" time="0.0"/>
  <testcase name="bdj_exception_disables_only_optional_provider_and_clears_menu_interception" classname="com.yfuse.feature.player.BdJDiscNavigationBackendTest" time="0.0"/>
  <testcase name="healthy_bdj_runtime_is_interactive_but_does_not_own_title_navigation" classname="com.yfuse.feature.player.BdJDiscNavigationBackendTest" time="0.0"/>
  <system-out><![CDATA[]]></system-out>
  <system-err><![CDATA[]]></system-err>
</testsuite>
