<?xml version="1.0" encoding="UTF-8"?>
<testsuite name="com.yfuse.core.data.MediaServerKindTest" tests="2" skipped="0" failures="0" errors="0" timestamp="2026-09-17T09:47:02.956Z" hostname="DESKTOP-HM2J0FM" time="0.001">
  <properties/>
  <testcase name="jellyfin_public_info_is_not_persisted_as_emby" classname="com.yfuse.core.data.MediaServerKindTest" time="0.0"/>
  <testcase name="missing_product_name_keeps_backward_compatible_emby_default" classname="com.yfuse.core.data.MediaServerKindTest" time="0.001"/>
  <system-out><![CDATA[]]></system-out>
  <system-err><![CDATA[]]></system-err>
</testsuite>
