<?xml version="1.0" encoding="UTF-8"?>
<testsuite name="com.yfuse.core.offline.OfflineRetryPolicyTest" tests="5" skipped="0" failures="0" errors="0" timestamp="2026-09-17T09:47:05.732Z" hostname="DESKTOP-HM2J0FM" time="0.001">
  <properties/>
  <testcase name="terminalFailuresNeverScheduleAutomaticRetry" classname="com.yfuse.core.offline.OfflineRetryPolicyTest" time="0.0"/>
  <testcase name="queueSummarySeparatesRunningPausedFailedAndDelayedWork" classname="com.yfuse.core.offline.OfflineRetryPolicyTest" time="0.001"/>
  <testcase name="recoverableFailuresUseBoundedExponentialDelay" classname="com.yfuse.core.offline.OfflineRetryPolicyTest" time="0.0"/>
  <testcase name="legacyItemsDecodeWithSafeRetryDefaults" classname="com.yfuse.core.offline.OfflineRetryPolicyTest" time="0.0"/>
  <testcase name="retryTimestampSaturatesInsteadOfOverflowing" classname="com.yfuse.core.offline.OfflineRetryPolicyTest" time="0.0"/>
  <system-out><![CDATA[]]></system-out>
  <system-err><![CDATA[]]></system-err>
</testsuite>
