<?xml version="1.0" encoding="UTF-8"?>
<testsuite name="com.yfuse.feature.player.NativeLocalBdmvPathTest" tests="2" skipped="0" failures="0" errors="0" timestamp="2026-09-17T09:47:15.827Z" hostname="DESKTOP-HM2J0FM" time="0.001">
  <properties/>
  <testcase name="traversal_absolute_and_nul_paths_are_rejected_before_the_filesystem" classname="com.yfuse.feature.player.NativeLocalBdmvPathTest" time="0.0"/>
  <testcase name="normal_relative_bdmv_paths_are_canonicalized_without_touching_case" classname="com.yfuse.feature.player.NativeLocalBdmvPathTest" time="0.001"/>
  <system-out><![CDATA[]]></system-out>
  <system-err><![CDATA[]]></system-err>
</testsuite>
