<?xml version="1.0" encoding="UTF-8"?>
<testsuite name="com.yfuse.feature.player.AudioTrackMatchingTest" tests="5" skipped="0" failures="0" errors="0" timestamp="2026-09-17T09:47:15.744Z" hostname="DESKTOP-HM2J0FM" time="0.001">
  <properties/>
  <testcase name="chineseDisplayLanguageMatchesEngineIsoCode" classname="com.yfuse.feature.player.AudioTrackMatchingTest" time="0.0"/>
  <testcase name="unsupportedDirectVideoStillUsesServerTranscode" classname="com.yfuse.feature.player.AudioTrackMatchingTest" time="0.001"/>
  <testcase name="unsupportedAudioIsDetectedEvenWhenVideoIsSupported" classname="com.yfuse.feature.player.AudioTrackMatchingTest" time="0.0"/>
  <testcase name="trackTitleRemainsTheFallbackWhenLanguageIsMissing" classname="com.yfuse.feature.player.AudioTrackMatchingTest" time="0.0"/>
  <testcase name="unsupportedAudioUsesBundledFfmpegEngineWithoutServerTranscode" classname="com.yfuse.feature.player.AudioTrackMatchingTest" time="0.0"/>
  <system-out><![CDATA[]]></system-out>
  <system-err><![CDATA[]]></system-err>
</testsuite>
