<?xml version="1.0" encoding="UTF-8"?>
<testsuite name="com.yfuse.core2.api.YPlayerQueueTest" tests="4" skipped="0" failures="0" errors="0" timestamp="2026-09-17T09:47:13.287Z" hostname="DESKTOP-HM2J0FM" time="0.0">
  <properties/>
  <testcase name="materially early eos is rejected but a normal duration tail is accepted" classname="com.yfuse.core2.api.YPlayerQueueTest" time="0.0"/>
  <testcase name="duplicate identity rejects the entire extension" classname="com.yfuse.core2.api.YPlayerQueueTest" time="0.0"/>
  <testcase name="tail extension preserves order and metadata" classname="com.yfuse.core2.api.YPlayerQueueTest" time="0.0"/>
  <testcase name="empty extension keeps the existing queue instance" classname="com.yfuse.core2.api.YPlayerQueueTest" time="0.0"/>
  <system-out><![CDATA[]]></system-out>
  <system-err><![CDATA[]]></system-err>
</testsuite>
