<?xml version="1.0" encoding="UTF-8"?>
<testsuite name="com.yfuse.feature.player.ActivePlaybackTest" tests="2" skipped="0" failures="0" errors="0" timestamp="2026-09-17T09:47:15.541Z" hostname="DESKTOP-HM2J0FM" time="0.002">
  <properties/>
  <testcase name="rebindingReplacesTheWholeActionSnapshot" classname="com.yfuse.feature.player.ActivePlaybackTest" time="0.001"/>
  <testcase name="closeClearsVisibleStateBeforeInvokingBoundCloseAction" classname="com.yfuse.feature.player.ActivePlaybackTest" time="0.001"/>
  <system-out><![CDATA[]]></system-out>
  <system-err><![CDATA[]]></system-err>
</testsuite>
