<?xml version="1.0" encoding="UTF-8"?>
<testsuite name="com.yfuse.core.account.PlaybackCloudApiTest" tests="2" skipped="0" failures="0" errors="0" timestamp="2026-09-17T09:47:01.999Z" hostname="DESKTOP-HM2J0FM" time="0.007">
  <properties/>
  <testcase name="missing_playback_endpoint_disables_cloud_retries_without_masking_other_failures" classname="com.yfuse.core.account.PlaybackCloudApiTest" time="0.0"/>
  <testcase name="response_without_an_error_envelope_keeps_the_http_status_visible" classname="com.yfuse.core.account.PlaybackCloudApiTest" time="0.007"/>
  <system-out><![CDATA[]]></system-out>
  <system-err><![CDATA[]]></system-err>
</testsuite>
