<?xml version="1.0" encoding="UTF-8"?>
<testsuite name="com.yfuse.core2.hdr.YHdrRouterTest" tests="3" skipped="0" failures="0" errors="0" timestamp="2026-09-17T09:47:13.315Z" hostname="DESKTOP-HM2J0FM" time="0.001">
  <properties/>
  <testcase name="HDR10 plus stays native only when the display declares it" classname="com.yfuse.core2.hdr.YHdrRouterTest" time="0.001"/>
  <testcase name="runtime type route works before optional metadata is decoded" classname="com.yfuse.core2.hdr.YHdrRouterTest" time="0.0"/>
  <testcase name="unsupported HLG requires the GPU tone-map route" classname="com.yfuse.core2.hdr.YHdrRouterTest" time="0.0"/>
  <system-out><![CDATA[]]></system-out>
  <system-err><![CDATA[]]></system-err>
</testsuite>
