<?xml version="1.0" encoding="UTF-8"?>
<testsuite name="com.yfuse.app.FloatingNavigationInsetsTest" tests="3" skipped="0" failures="0" errors="0" timestamp="2026-09-17T09:46:58.363Z" hostname="DESKTOP-HM2J0FM" time="0.002">
  <properties/>
  <testcase name="floating_dock_clearance_contains_its_full_visible_geometry" classname="com.yfuse.app.FloatingNavigationInsetsTest" time="0.001"/>
  <testcase name="child_page_clearance_does_not_reserve_a_hidden_dock" classname="com.yfuse.app.FloatingNavigationInsetsTest" time="0.001"/>
  <testcase name="floating_dock_clearance_tracks_the_system_navigation_inset" classname="com.yfuse.app.FloatingNavigationInsetsTest" time="0.0"/>
  <system-out><![CDATA[]]></system-out>
  <system-err><![CDATA[]]></system-err>
</testsuite>
