<?xml version="1.0" encoding="UTF-8"?>
<testsuite name="com.yfuse.app.TopLevelBackStackTest" tests="2" skipped="0" failures="0" errors="0" timestamp="2026-09-17T09:46:58.425Z" hostname="DESKTOP-HM2J0FM" time="0.0">
  <properties/>
  <testcase name="every_other_root_previews_home" classname="com.yfuse.app.TopLevelBackStackTest" time="0.0"/>
  <testcase name="home_is_the_only_system_exit_root" classname="com.yfuse.app.TopLevelBackStackTest" time="0.0"/>
  <system-out><![CDATA[]]></system-out>
  <system-err><![CDATA[]]></system-err>
</testsuite>
