<?xml version="1.0" encoding="UTF-8"?>
<testsuite name="com.yfuse.feature.player.PlayerDragGesturesTest" tests="3" skipped="0" failures="0" errors="0" timestamp="2026-09-17T09:47:16.010Z" hostname="DESKTOP-HM2J0FM" time="0.0">
  <properties/>
  <testcase name="invalidCoordinatesCannotChangeVolume" classname="com.yfuse.feature.player.PlayerDragGesturesTest" time="0.0"/>
  <testcase name="topOriginIsReservedEvenWhenLaterMovementLeavesIt" classname="com.yfuse.feature.player.PlayerDragGesturesTest" time="0.0"/>
  <testcase name="noInsetsDoNotCreateAnArtificialDeadZone" classname="com.yfuse.feature.player.PlayerDragGesturesTest" time="0.0"/>
  <system-out><![CDATA[]]></system-out>
  <system-err><![CDATA[]]></system-err>
</testsuite>
