<?xml version="1.0" encoding="UTF-8"?>
<testsuite name="com.yfuse.core2.android.AndroidActiveAudioOutputFingerprintTest" tests="1" skipped="0" failures="0" errors="0" timestamp="2026-09-17T09:47:08.610Z" hostname="DESKTOP-HM2J0FM" time="0.001">
  <properties/>
  <testcase name="only_routed_device_capabilities_and_spatial_state_change_the_identity" classname="com.yfuse.core2.android.AndroidActiveAudioOutputFingerprintTest" time="0.001"/>
  <system-out><![CDATA[]]></system-out>
  <system-err><![CDATA[]]></system-err>
</testsuite>
