<?xml version="1.0" encoding="UTF-8"?>
<testsuite name="com.yfuse.core2.android.PlaybackAuditRegressionTest" tests="10" skipped="0" failures="0" errors="0" timestamp="2026-09-17T09:47:13.148Z" hostname="DESKTOP-HM2J0FM" time="0.067">
  <properties/>
  <testcase name="httpIsAllowedAndCrossOriginHeadersDoNotLeak" classname="com.yfuse.core2.android.PlaybackAuditRegressionTest" time="0.001"/>
  <testcase name="matchingEntityReusesCacheButMissingEntityCannot" classname="com.yfuse.core2.android.PlaybackAuditRegressionTest" time="0.03"/>
  <testcase name="headerLimitStopsReadingBeforeAllocationGrows" classname="com.yfuse.core2.android.PlaybackAuditRegressionTest" time="0.001"/>
  <testcase name="dashAcceptsEquivalentZeroStartsOverHttp" classname="com.yfuse.core2.android.PlaybackAuditRegressionTest" time="0.001"/>
  <testcase name="sameLengthReplacementInvalidatesBlocksAndOldWriters" classname="com.yfuse.core2.android.PlaybackAuditRegressionTest" time="0.032"/>
  <testcase name="hlsZeroPlaceholderDoesNotRejectFollowingMedia" classname="com.yfuse.core2.android.PlaybackAuditRegressionTest" time="0.001"/>
  <testcase name="rollbackFailureRetainsBothErrors" classname="com.yfuse.core2.android.PlaybackAuditRegressionTest" time="0.0"/>
  <testcase name="closeAlsoUnblocksBackpressuredProducer" classname="com.yfuse.core2.android.PlaybackAuditRegressionTest" time="0.0"/>
  <testcase name="rejectedAudioChoiceRestoresPositionAndOldTrack" classname="com.yfuse.core2.android.PlaybackAuditRegressionTest" time="0.0"/>
  <testcase name="closeWakesBlockedReaderWithoutReadTimeout" classname="com.yfuse.core2.android.PlaybackAuditRegressionTest" time="0.001"/>
  <system-out><![CDATA[]]></system-out>
  <system-err><![CDATA[]]></system-err>
</testsuite>
