<?xml version="1.0" encoding="UTF-8"?>
<testsuite name="com.yfuse.core2.android.AndroidTransportCancellationTest" tests="2" skipped="0" failures="0" errors="0" timestamp="2026-09-17T09:47:11.658Z" hostname="DESKTOP-HM2J0FM" time="0.003">
  <properties/>
  <testcase name="cancelling_retry_delay_wakes_reader_and_does_not_poison_future_reads" classname="com.yfuse.core2.android.AndroidTransportCancellationTest" time="0.002"/>
  <testcase name="cancelling_blocked_read_leaves_source_reusable_for_the_next_seek" classname="com.yfuse.core2.android.AndroidTransportCancellationTest" time="0.001"/>
  <system-out><![CDATA[]]></system-out>
  <system-err><![CDATA[]]></system-err>
</testsuite>
