<?xml version="1.0" encoding="UTF-8"?>
<testsuite name="com.yfuse.core.data.MetadataEditorServiceTest" tests="3" skipped="0" failures="0" errors="0" timestamp="2026-09-17T09:47:02.970Z" hostname="DESKTOP-HM2J0FM" time="0.05">
  <properties/>
  <testcase name="plex_artwork_selection_uses_rating_key_not_preview_key" classname="com.yfuse.core.data.MetadataEditorServiceTest" time="0.016"/>
  <testcase name="concurrent_change_prevents_write_and_forbidden_is_not_success" classname="com.yfuse.core.data.MetadataEditorServiceTest" time="0.029"/>
  <testcase name="edit_preserves_unknown_fields_and_other_provider_ids" classname="com.yfuse.core.data.MetadataEditorServiceTest" time="0.004"/>
  <system-out><![CDATA[]]></system-out>
  <system-err><![CDATA[]]></system-err>
</testsuite>
