<?xml version="1.0" encoding="UTF-8"?>
<testsuite name="com.yfuse.feature.player.PlaybackProblemExplanationTest" tests="2" skipped="0" failures="0" errors="0" timestamp="2026-09-17T09:47:15.885Z" hostname="DESKTOP-HM2J0FM" time="0.001">
  <properties/>
  <testcase name="unknown_error_is_not_guessed_from_message" classname="com.yfuse.feature.player.PlaybackProblemExplanationTest" time="0.001"/>
  <testcase name="structured_stage_takes_precedence_over_buffering" classname="com.yfuse.feature.player.PlaybackProblemExplanationTest" time="0.0"/>
  <system-out><![CDATA[]]></system-out>
  <system-err><![CDATA[]]></system-err>
</testsuite>
