<?xml version="1.0" encoding="UTF-8"?>
<testsuite name="com.yfuse.core2.android.YEnhancedDemuxSourceTest" tests="4" skipped="0" failures="0" errors="0" timestamp="2026-09-17T09:47:13.284Z" hostname="DESKTOP-HM2J0FM" time="0.001">
  <properties/>
  <testcase name="directSourceRetainsHeadersAndCredentials" classname="com.yfuse.core2.android.YEnhancedDemuxSourceTest" time="0.001"/>
  <testcase name="probeAndPlaybackUseTheSameProxyAndUpstreamCredentials" classname="com.yfuse.core2.android.YEnhancedDemuxSourceTest" time="0.0"/>
  <testcase name="loopbackAndLocalSourcesAreNotWrappedAgain" classname="com.yfuse.core2.android.YEnhancedDemuxSourceTest" time="0.0"/>
  <testcase name="proxyDecliningTheSourceDoesNotStripCredentials" classname="com.yfuse.core2.android.YEnhancedDemuxSourceTest" time="0.0"/>
  <system-out><![CDATA[]]></system-out>
  <system-err><![CDATA[]]></system-err>
</testsuite>
