<?xml version="1.0" encoding="UTF-8"?>
<testsuite name="com.yfuse.core2.sync.YMediaClockTest" tests="3" skipped="0" failures="0" errors="0" timestamp="2026-09-17T09:47:13.499Z" hostname="DESKTOP-HM2J0FM" time="0.002">
  <properties/>
  <testcase name="speed changes preserve the current media anchor" classname="com.yfuse.core2.sync.YMediaClockTest" time="0.002"/>
  <testcase name="paused clock does not advance" classname="com.yfuse.core2.sync.YMediaClockTest" time="0.0"/>
  <testcase name="one second of monotonic time advances one second at normal speed" classname="com.yfuse.core2.sync.YMediaClockTest" time="0.0"/>
  <system-out><![CDATA[]]></system-out>
  <system-err><![CDATA[]]></system-err>
</testsuite>
