<?xml version="1.0" encoding="UTF-8"?>
<testsuite name="com.yfuse.core.playback.DolbyVisionMediaEvidenceMappingTest" tests="2" skipped="0" failures="0" errors="0" timestamp="2026-09-17T09:47:06.589Z" hostname="DESKTOP-HM2J0FM" time="0.0">
  <properties/>
  <testcase name="a_non_dolby_media_version_never_enters_the_profile_seven_validation_lane" classname="com.yfuse.core.playback.DolbyVisionMediaEvidenceMappingTest" time="0.0"/>
  <testcase name="media_version_contributes_only_source_layer_facts_to_the_p7_evidence_gate" classname="com.yfuse.core.playback.DolbyVisionMediaEvidenceMappingTest" time="0.0"/>
  <system-out><![CDATA[]]></system-out>
  <system-err><![CDATA[]]></system-err>
</testsuite>
