<?xml version="1.0" encoding="UTF-8"?>
<testsuite name="com.yfuse.core.offline.OfflineIndexMigrationTest" tests="2" skipped="0" failures="0" errors="0" timestamp="2026-09-17T09:47:05.674Z" hostname="DESKTOP-HM2J0FM" time="0.002">
  <properties/>
  <testcase name="stale_legacy_rows_do_not_return_after_imported_database_is_emptied" classname="com.yfuse.core.offline.OfflineIndexMigrationTest" time="0.001"/>
  <testcase name="failed_batch_write_keeps_discovered_episodes_eligible_for_the_next_refresh" classname="com.yfuse.core.offline.OfflineIndexMigrationTest" time="0.001"/>
  <system-out><![CDATA[]]></system-out>
  <system-err><![CDATA[]]></system-err>
</testsuite>
