<?xml version="1.0" encoding="UTF-8"?>
<testsuite name="com.yfuse.core2.capability.YCapabilityTest" tests="5" skipped="0" failures="0" errors="0" timestamp="2026-09-17T09:47:13.294Z" hostname="DESKTOP-HM2J0FM" time="0.001">
  <properties/>
  <testcase name="immersiveExtensionsCanUseBaseCarrierWithoutBecomingVerifiedAtmos" classname="com.yfuse.core2.capability.YCapabilityTest" time="0.0"/>
  <testcase name="secureRequirementRejectsAdvertisedNonSecureDecoder" classname="com.yfuse.core2.capability.YCapabilityTest" time="0.001"/>
  <testcase name="surfaceRequirementRejectsByteBufferOnlyDecoder" classname="com.yfuse.core2.capability.YCapabilityTest" time="0.0"/>
  <testcase name="portraitVideoUsesTheSameDecoderSizeEnvelopeAsLandscape" classname="com.yfuse.core2.capability.YCapabilityTest" time="0.0"/>
  <testcase name="exactJocCapabilityIsPositiveAtmosTransportEvidence" classname="com.yfuse.core2.capability.YCapabilityTest" time="0.0"/>
  <system-out><![CDATA[]]></system-out>
  <system-err><![CDATA[]]></system-err>
</testsuite>
