<?xml version="1.0" encoding="UTF-8"?>
<testsuite name="com.yfuse.core.logging.DiagnosticRedactorTest" tests="4" skipped="0" failures="0" errors="0" timestamp="2026-09-17T09:47:04.925Z" hostname="DESKTOP-HM2J0FM" time="0.004">
  <properties/>
  <testcase name="logcat_payload_redacts_message_attributes_and_stack_trace" classname="com.yfuse.core.logging.DiagnosticRedactorTest" time="0.002"/>
  <testcase name="redactsSecretsFromCommonLogShapes" classname="com.yfuse.core.logging.DiagnosticRedactorTest" time="0.001"/>
  <testcase name="redacts_server_identity_and_cloudflare_details_outside_urls" classname="com.yfuse.core.logging.DiagnosticRedactorTest" time="0.001"/>
  <testcase name="redactsSensitiveAttributeByKey" classname="com.yfuse.core.logging.DiagnosticRedactorTest" time="0.0"/>
  <system-out><![CDATA[]]></system-out>
  <system-err><![CDATA[]]></system-err>
</testsuite>
