<?xml version="1.0" encoding="UTF-8"?>
<testsuite name="com.yfuse.feature.player.AmbientSamplingPolicyTest" tests="12" skipped="0" failures="0" errors="0" timestamp="2026-09-17T09:47:15.594Z" hostname="DESKTOP-HM2J0FM" time="0.002">
  <properties/>
  <testcase name="stable_picture_slows_down_and_a_cut_restores_fast_sampling" classname="com.yfuse.feature.player.AmbientSamplingPolicyTest" time="0.0"/>
  <testcase name="persistent_failure_backs_off_and_success_recovers" classname="com.yfuse.feature.player.AmbientSamplingPolicyTest" time="0.001"/>
  <testcase name="hdr_surface_uses_platform_tone_mapping_on_android_14_and_newer" classname="com.yfuse.feature.player.AmbientSamplingPolicyTest" time="0.0"/>
  <testcase name="only_top_bottom_bars_larger_than_the_picture_guard_need_live_colour" classname="com.yfuse.feature.player.AmbientSamplingPolicyTest" time="0.0"/>
  <testcase name="hidden_controls_probe_slowly_but_discovered_bars_restore_normal_sampling" classname="com.yfuse.feature.player.AmbientSamplingPolicyTest" time="0.0"/>
  <testcase name="bars_outside_the_cropped_viewport_do_not_request_fast_sampling" classname="com.yfuse.feature.player.AmbientSamplingPolicyTest" time="0.0"/>
  <testcase name="discovery_probes_preserve_failure_backoff" classname="com.yfuse.feature.player.AmbientSamplingPolicyTest" time="0.0"/>
  <testcase name="encoded_side_bars_do_not_enable_fast_sampling_or_suppress_visible_top_bottom_bars" classname="com.yfuse.feature.player.AmbientSamplingPolicyTest" time="0.0"/>
  <testcase name="seeking_and_source_resets_cannot_bypass_the_request_limit" classname="com.yfuse.feature.player.AmbientSamplingPolicyTest" time="0.001"/>
  <testcase name="user_action_shortens_backoff_but_still_respects_the_minimum_interval" classname="com.yfuse.feature.player.AmbientSamplingPolicyTest" time="0.0"/>
  <testcase name="encoded_bars_keep_light_visible_after_the_controls_hide_on_a_full_frame_surface" classname="com.yfuse.feature.player.AmbientSamplingPolicyTest" time="0.0"/>
  <testcase name="sdr_and_backend_tone_mapped_outputs_remain_available_on_older_android" classname="com.yfuse.feature.player.AmbientSamplingPolicyTest" time="0.0"/>
  <system-out><![CDATA[]]></system-out>
  <system-err><![CDATA[]]></system-err>
</testsuite>
