<?xml version="1.0" encoding="UTF-8"?>
<testsuite name="com.yfuse.core.designsystem.LightParticlesTest" tests="7" skipped="0" failures="0" errors="0" timestamp="2026-09-17T09:47:04.612Z" hostname="DESKTOP-HM2J0FM" time="0.009">
  <properties/>
  <testcase name="fixedCapacityAndWindowBudgetHoldUnderBursts" classname="com.yfuse.core.designsystem.LightParticlesTest" time="0.006"/>
  <testcase name="everyEffectExpiresWithoutAnotherInputOrIdleClock" classname="com.yfuse.core.designsystem.LightParticlesTest" time="0.0"/>
  <testcase name="orbitAndFlowMoveOffTheStraightLineStardustKeeps" classname="com.yfuse.core.designsystem.LightParticlesTest" time="0.0"/>
  <testcase name="badDimensionsAndRepeatedEventsDoNotConsumeBudget" classname="com.yfuse.core.designsystem.LightParticlesTest" time="0.001"/>
  <testcase name="backgroundSizedTimeGapExpiresInsteadOfReplaying" classname="com.yfuse.core.designsystem.LightParticlesTest" time="0.0"/>
  <testcase name="appearanceCannotReplayAfterFocusOrSettingChange" classname="com.yfuse.core.designsystem.LightParticlesTest" time="0.001"/>
  <testcase name="everyStyleExpiresAndStaysInsideTheBudget" classname="com.yfuse.core.designsystem.LightParticlesTest" time="0.001"/>
  <system-out><![CDATA[]]></system-out>
  <system-err><![CDATA[]]></system-err>
</testsuite>
