<?xml version="1.0" encoding="UTF-8"?>
<testsuite name="com.yfuse.core.sync.WatchInviteTest" tests="18" skipped="0" failures="0" errors="0" timestamp="2026-09-17T09:47:07.446Z" hostname="DESKTOP-HM2J0FM" time="0.005">
  <properties/>
  <testcase name="differently_scraped_libraries_produce_the_same_episode_key" classname="com.yfuse.core.sync.WatchInviteTest" time="0.0"/>
  <testcase name="a_film_answers_to_every_provider_id_its_library_holds" classname="com.yfuse.core.sync.WatchInviteTest" time="0.0"/>
  <testcase name="share_text_contains_both_the_code_and_the_link" classname="com.yfuse.core.sync.WatchInviteTest" time="0.001"/>
  <testcase name="parse_bounds_what_a_foreign_app_can_hand_over" classname="com.yfuse.core.sync.WatchInviteTest" time="0.001"/>
  <testcase name="an_identified_show_outranks_the_episodes_own_provider_id" classname="com.yfuse.core.sync.WatchInviteTest" time="0.0"/>
  <testcase name="parse_from_text_accepts_a_bare_code_with_surrounding_words" classname="com.yfuse.core.sync.WatchInviteTest" time="0.001"/>
  <testcase name="new_invites_never_serialize_a_legacy_relay_endpoint" classname="com.yfuse.core.sync.WatchInviteTest" time="0.0"/>
  <testcase name="normalize_code_drops_ambiguous_characters_rather_than_guessing" classname="com.yfuse.core.sync.WatchInviteTest" time="0.0"/>
  <testcase name="an_episode_answers_to_the_coordinate_its_own_ids_and_its_server_local_id" classname="com.yfuse.core.sync.WatchInviteTest" time="0.001"/>
  <testcase name="an_episode_without_its_own_ids_is_keyed_by_the_show_and_its_place_in_it" classname="com.yfuse.core.sync.WatchInviteTest" time="0.0"/>
  <testcase name="parse_from_text_finds_the_link_inside_a_pasted_share_block" classname="com.yfuse.core.sync.WatchInviteTest" time="0.0"/>
  <testcase name="a_plain_title_key_is_not_read_as_an_episode" classname="com.yfuse.core.sync.WatchInviteTest" time="0.0"/>
  <testcase name="legacy_invite_endpoint_is_parsed_only_so_non_official_relays_can_be_rejected" classname="com.yfuse.core.sync.WatchInviteTest" time="0.0"/>
  <testcase name="an_unidentified_show_still_carries_the_coordinate" classname="com.yfuse.core.sync.WatchInviteTest" time="0.0"/>
  <testcase name="an_entry_that_is_not_numbered_has_no_coordinate_to_write" classname="com.yfuse.core.sync.WatchInviteTest" time="0.001"/>
  <testcase name="parse_from_text_returns_null_when_there_is_no_code" classname="com.yfuse.core.sync.WatchInviteTest" time="0.0"/>
  <testcase name="uri_round_trips_including_a_chinese_title" classname="com.yfuse.core.sync.WatchInviteTest" time="0.0"/>
  <testcase name="parse_rejects_foreign_and_malformed_links" classname="com.yfuse.core.sync.WatchInviteTest" time="0.0"/>
  <system-out><![CDATA[]]></system-out>
  <system-err><![CDATA[]]></system-err>
</testsuite>
