<?xml version="1.0" encoding="UTF-8"?>
<testsuite name="com.yfuse.core.sync.WatchTogetherChatTest" tests="5" skipped="0" failures="0" errors="0" timestamp="2026-09-17T09:47:07.471Z" hostname="DESKTOP-HM2J0FM" time="0.0">
  <properties/>
  <testcase name="another_senders_matching_correlation_id_is_not_removed" classname="com.yfuse.core.sync.WatchTogetherChatTest" time="0.0"/>
  <testcase name="client_rejects_wire_control_characters_instead_of_silently_rewriting_them" classname="com.yfuse.core.sync.WatchTogetherChatTest" time="0.0"/>
  <testcase name="repeated_echo_also_clears_an_extreme_stale_pending_duplicate" classname="com.yfuse.core.sync.WatchTogetherChatTest" time="0.0"/>
  <testcase name="server_echo_replaces_optimistic_chat_instead_of_duplicating_it" classname="com.yfuse.core.sync.WatchTogetherChatTest" time="0.0"/>
  <testcase name="repeated_server_echo_is_idempotent" classname="com.yfuse.core.sync.WatchTogetherChatTest" time="0.0"/>
  <system-out><![CDATA[]]></system-out>
  <system-err><![CDATA[]]></system-err>
</testsuite>
