<?xml version="1.0" encoding="UTF-8"?>
<testsuite name="com.yfuse.feature.player.AudioControlPolicyTest" tests="2" skipped="0" failures="0" errors="0" timestamp="2026-09-17T09:47:15.741Z" hostname="DESKTOP-HM2J0FM" time="0.0">
  <properties/>
  <testcase name="automatic sync cancels the measured video offset" classname="com.yfuse.feature.player.AudioControlPolicyTest" time="0.0"/>
  <testcase name="automatic sync remains inside the user safe range" classname="com.yfuse.feature.player.AudioControlPolicyTest" time="0.0"/>
  <system-out><![CDATA[]]></system-out>
  <system-err><![CDATA[]]></system-err>
</testsuite>
