<?xml version="1.0" encoding="UTF-8"?>
<testsuite name="com.yfuse.core.performance.HighRefreshRateTest" tests="3" skipped="0" failures="0" errors="0" timestamp="2026-09-17T09:47:05.742Z" hostname="DESKTOP-HM2J0FM" time="0.001">
  <properties/>
  <testcase name="neverTradesResolutionForRefreshRate" classname="com.yfuse.core.performance.HighRefreshRateTest" time="0.001"/>
  <testcase name="choosesHighestRefreshAtCurrentResolution" classname="com.yfuse.core.performance.HighRefreshRateTest" time="0.0"/>
  <testcase name="leavesSixtyHertzPanelsToSystem" classname="com.yfuse.core.performance.HighRefreshRateTest" time="0.0"/>
  <system-out><![CDATA[]]></system-out>
  <system-err><![CDATA[]]></system-err>
</testsuite>
