<?xml version="1.0" encoding="UTF-8"?>
<testsuite name="com.yfuse.feature.library.LibraryContainerRouteTest" tests="2" skipped="0" failures="0" errors="0" timestamp="2026-09-17T09:47:15.329Z" hostname="DESKTOP-HM2J0FM" time="0.007">
  <properties/>
  <testcase name="directory_route_round_trips_its_server_and_kind" classname="com.yfuse.feature.library.LibraryContainerRouteTest" time="0.002"/>
  <testcase name="container_route_survives_library_navigation_config_serialization" classname="com.yfuse.feature.library.LibraryContainerRouteTest" time="0.005"/>
  <system-out><![CDATA[]]></system-out>
  <system-err><![CDATA[]]></system-err>
</testsuite>
