<?xml version="1.0" encoding="UTF-8"?>
<testsuite name="com.yfuse.core.data.EmbyPlaybackServiceTest" tests="4" skipped="0" failures="0" errors="0" timestamp="2026-09-17T09:46:58.331Z" hostname="DESKTOP-HM2J0FM" time="0.029">
  <properties/>
  <testcase name="stopping_a_transcoder_that_already_ended_is_not_a_failure" classname="com.yfuse.core.data.EmbyPlaybackServiceTest" time="0.004"/>
  <testcase name="a_transcoder_server_error_still_surfaces_as_a_failure" classname="com.yfuse.core.data.EmbyPlaybackServiceTest" time="0.002"/>
  <testcase name="playback_info_negotiates_with_the_device_profile_and_returns_the_media_sources" classname="com.yfuse.core.data.EmbyPlaybackServiceTest" time="0.016"/>
  <testcase name="progress_reports_post_the_session_payload_with_a_non_negative_position" classname="com.yfuse.core.data.EmbyPlaybackServiceTest" time="0.007"/>
  <system-out><![CDATA[]]></system-out>
  <system-err><![CDATA[]]></system-err>
</testsuite>
