<?xml version="1.0" encoding="UTF-8"?>
<testsuite name="com.yfuse.feature.player.UhdBluRayPlaybackTruthTest" tests="1" skipped="0" failures="0" errors="0" timestamp="2026-09-17T09:47:16.222Z" hostname="DESKTOP-HM2J0FM" time="0.0">
  <properties/>
  <testcase name="negotiated_disc_direct_stream_is_not_mistaken_for_raw_iso_bytes" classname="com.yfuse.feature.player.UhdBluRayPlaybackTruthTest" time="0.0"/>
  <system-out><![CDATA[]]></system-out>
  <system-err><![CDATA[]]></system-err>
</testsuite>
