<?xml version="1.0" encoding="UTF-8"?>
<testsuite name="com.yfuse.core.data.PlaybackFailoverRequestTest" tests="2" skipped="0" failures="0" errors="0" timestamp="2026-09-17T09:47:03.047Z" hostname="DESKTOP-HM2J0FM" time="0.001">
  <properties/>
  <testcase name="request_deduplicates_and_bounds_untrusted_plan" classname="com.yfuse.core.data.PlaybackFailoverRequestTest" time="0.001"/>
  <testcase name="clear_revokes_pending_fallback" classname="com.yfuse.core.data.PlaybackFailoverRequestTest" time="0.0"/>
  <system-out><![CDATA[]]></system-out>
  <system-err><![CDATA[]]></system-err>
</testsuite>
