<?xml version="1.0" encoding="UTF-8"?>
<testsuite name="com.yfuse.core2.android.AndroidCore2SoftwareRouteTest" tests="4" skipped="0" failures="0" errors="0" timestamp="2026-09-17T09:47:09.330Z" hostname="DESKTOP-HM2J0FM" time="0.001">
  <properties/>
  <testcase name="MediaCodec video plus FFmpeg audio requires direct surface presentation" classname="com.yfuse.core2.android.AndroidCore2SoftwareRouteTest" time="0.001"/>
  <testcase name="oversized FFmpeg software video fails closed" classname="com.yfuse.core2.android.AndroidCore2SoftwareRouteTest" time="0.0"/>
  <testcase name="SDR FFmpeg video software route is executable" classname="com.yfuse.core2.android.AndroidCore2SoftwareRouteTest" time="0.0"/>
  <testcase name="HDR FFmpeg video waits for the owned tone mapper" classname="com.yfuse.core2.android.AndroidCore2SoftwareRouteTest" time="0.0"/>
  <system-out><![CDATA[]]></system-out>
  <system-err><![CDATA[]]></system-err>
</testsuite>
