<?xml version="1.0" encoding="UTF-8"?>
<testsuite name="com.yfuse.feature.player.PlayerSkipCoordinatorTest" tests="7" skipped="0" failures="0" errors="0" timestamp="2026-09-17T09:47:16.045Z" hostname="DESKTOP-HM2J0FM" time="0.006">
  <properties/>
  <testcase name="manual skip prompt follows playback control visibility" classname="com.yfuse.feature.player.PlayerSkipCoordinatorTest" time="0.006"/>
  <testcase name="movie does not expose intro or outro skipping" classname="com.yfuse.feature.player.PlayerSkipCoordinatorTest" time="0.0"/>
  <testcase name="series persistence prefers provider identity and scopes local ids by server" classname="com.yfuse.feature.player.PlayerSkipCoordinatorTest" time="0.0"/>
  <testcase name="episode keeps intro and outro skipping" classname="com.yfuse.feature.player.PlayerSkipCoordinatorTest" time="0.0"/>
  <testcase name="automatic skip waits until playback is ready" classname="com.yfuse.feature.player.PlayerSkipCoordinatorTest" time="0.0"/>
  <testcase name="resume inside credits cannot automatically advance the queue" classname="com.yfuse.feature.player.PlayerSkipCoordinatorTest" time="0.0"/>
  <testcase name="launch snapshot does not count as entering credits from playback" classname="com.yfuse.feature.player.PlayerSkipCoordinatorTest" time="0.0"/>
  <system-out><![CDATA[]]></system-out>
  <system-err><![CDATA[]]></system-err>
</testsuite>
