<?xml version="1.0" encoding="UTF-8"?>
<testsuite name="com.yfuse.core.data.CalendarIdentityRetentionTest" tests="1" skipped="0" failures="0" errors="0" timestamp="2026-09-17T09:47:02.076Z" hostname="DESKTOP-HM2J0FM" time="0.04">
  <properties/>
  <testcase name="a_failed_series_catalog_keeps_the_remembered_identity_and_still_uses_it" classname="com.yfuse.core.data.CalendarIdentityRetentionTest" time="0.04"/>
  <system-out><![CDATA[]]></system-out>
  <system-err><![CDATA[]]></system-err>
</testsuite>
