<?xml version="1.0" encoding="UTF-8"?>
<testsuite name="com.yfuse.core.playback.RemoteDiscRoutingTest" tests="3" skipped="0" failures="0" errors="0" timestamp="2026-09-17T09:47:06.686Z" hostname="DESKTOP-HM2J0FM" time="0.0">
  <properties/>
  <testcase name="a_local_disc_keeps_the_native_route" classname="com.yfuse.core.playback.RemoteDiscRoutingTest" time="0.0"/>
  <testcase name="a_remote_disc_with_server_transcode_is_routed_to_the_server" classname="com.yfuse.core.playback.RemoteDiscRoutingTest" time="0.0"/>
  <testcase name="a_remote_disc_is_never_routed_to_a_native_engine_when_the_server_can_parse_it" classname="com.yfuse.core.playback.RemoteDiscRoutingTest" time="0.0"/>
  <system-out><![CDATA[]]></system-out>
  <system-err><![CDATA[]]></system-err>
</testsuite>
