<?xml version="1.0" encoding="UTF-8"?>
<testsuite name="com.yfuse.feature.player.PlaybackStateFanoutTest" tests="4" skipped="0" failures="0" errors="0" timestamp="2026-09-17T09:47:15.980Z" hostname="DESKTOP-HM2J0FM" time="0.003">
  <properties/>
  <testcase name="transport_index_and_geometry_changes_reach_the_presentation_consumer" classname="com.yfuse.feature.player.PlaybackStateFanoutTest" time="0.002"/>
  <testcase name="position_ticks_do_not_reach_the_presentation_consumer" classname="com.yfuse.feature.player.PlaybackStateFanoutTest" time="0.0"/>
  <testcase name="media_session_position_is_republished_on_the_interval_or_after_a_seek" classname="com.yfuse.feature.player.PlaybackStateFanoutTest" time="0.0"/>
  <testcase name="progress_consumer_always_runs_after_the_presentation_consumer_for_the_same_state" classname="com.yfuse.feature.player.PlaybackStateFanoutTest" time="0.001"/>
  <system-out><![CDATA[]]></system-out>
  <system-err><![CDATA[]]></system-err>
</testsuite>
