<?xml version="1.0" encoding="UTF-8"?>
<testsuite name="com.yfuse.core.designsystem.ArtworkBlurCacheTest" tests="3" skipped="0" failures="0" errors="0" timestamp="2026-09-17T09:47:04.458Z" hostname="DESKTOP-HM2J0FM" time="0.008">
  <properties/>
  <testcase name="blur_quantization_is_monotonic_and_within_a_quarter_physical_pixel" classname="com.yfuse.core.designsystem.ArtworkBlurCacheTest" time="0.005"/>
  <testcase name="revealing_many_posters_never_grows_the_effect_cache_past_its_capacity" classname="com.yfuse.core.designsystem.ArtworkBlurCacheTest" time="0.003"/>
  <testcase name="neighbouring_frames_share_effects_and_recently_used_entries_survive_eviction" classname="com.yfuse.core.designsystem.ArtworkBlurCacheTest" time="0.0"/>
  <system-out><![CDATA[]]></system-out>
  <system-err><![CDATA[]]></system-err>
</testsuite>
