<?xml version="1.0" encoding="UTF-8"?>
<testsuite name="com.yfuse.feature.player.PlaybackFailoverPolicyTest" tests="2" skipped="0" failures="0" errors="0" timestamp="2026-09-17T09:47:15.863Z" hostname="DESKTOP-HM2J0FM" time="0.0">
  <properties/>
  <testcase name="network_and_5xx_can_fail_over" classname="com.yfuse.feature.player.PlaybackFailoverPolicyTest" time="0.0"/>
  <testcase name="auth_and_client_errors_never_fail_over" classname="com.yfuse.feature.player.PlaybackFailoverPolicyTest" time="0.0"/>
  <system-out><![CDATA[]]></system-out>
  <system-err><![CDATA[]]></system-err>
</testsuite>
