<?xml version="1.0" encoding="UTF-8"?>
<testsuite name="com.yfuse.feature.player.AmbientCopyTest" tests="10" skipped="0" failures="0" errors="0" timestamp="2026-09-10T01:31:12.279Z" hostname="DESKTOP-HM2J0FM" time="0.026">
  <properties/>
  <testcase name="new_copy_can_finish_before_cancelled_copy_without_sharing_or_releasing_its_destination" classname="com.yfuse.feature.player.AmbientCopyTest" time="0.006"/>
  <testcase name="cancelled_copy_keeps_its_destination_until_callback_and_does_not_read_it" classname="com.yfuse.feature.player.AmbientCopyTest" time="0.002"/>
  <testcase name="failed_copy_releases_destination_without_reading" classname="com.yfuse.feature.player.AmbientCopyTest" time="0.002"/>
  <testcase name="picture_sized_surface_ignores_container_crop_even_when_it_happens_to_fit" classname="com.yfuse.feature.player.AmbientCopyTest" time="0.001"/>
  <testcase name="letterbox_crop_scales_layout_coordinates_to_surface_buffer" classname="com.yfuse.feature.player.AmbientCopyTest" time="0.001"/>
  <testcase name="cancelling_a_queued_seek_does_not_allocate_a_destination" classname="com.yfuse.feature.player.AmbientCopyTest" time="0.007"/>
  <testcase name="crop_collapsing_to_zero_buffer_pixels_is_not_submitted" classname="com.yfuse.feature.player.AmbientCopyTest" time="0.0"/>
  <testcase name="cancelling_a_copy_does_not_allow_another_request_until_the_callback_finishes" classname="com.yfuse.feature.player.AmbientCopyTest" time="0.005"/>
  <testcase name="rejected_source_releases_destination_without_reading" classname="com.yfuse.feature.player.AmbientCopyTest" time="0.002"/>
  <testcase name="fill_overflow_and_unlaid_out_surfaces_fall_back_to_entire_buffer" classname="com.yfuse.feature.player.AmbientCopyTest" time="0.0"/>
  <system-out><![CDATA[]]></system-out>
  <system-err><![CDATA[]]></system-err>
</testsuite>
