<?xml version="1.0" encoding="UTF-8"?>
<testsuite name="com.yfuse.tv.focus.RemoteKeyIntentTest" tests="3" skipped="0" failures="0" errors="0" timestamp="2026-09-15T04:26:39.119Z" hostname="DESKTOP-HM2J0FM" time="0.005">
  <properties/>
  <testcase name="mapsDpadDirectionsAndPreservesRepeatInformation" classname="com.yfuse.tv.focus.RemoteKeyIntentTest" time="0.003"/>
  <testcase name="androidMapperCoversTvKeyboardGamepadAndMediaKeys" classname="com.yfuse.tv.focus.RemoteKeyIntentTest" time="0.002"/>
  <testcase name="activateFiresOnceAndLongPressOpensContextMenu" classname="com.yfuse.tv.focus.RemoteKeyIntentTest" time="0.0"/>
  <system-out><![CDATA[]]></system-out>
  <system-err><![CDATA[]]></system-err>
</testsuite>
