<?xml version="1.0" encoding="UTF-8"?>
<testsuite name="com.yfuse.tv.focus.FocusScopeStateMachineTest" tests="4" skipped="0" failures="0" errors="0" timestamp="2026-09-15T04:26:39.101Z" hostname="DESKTOP-HM2J0FM" time="0.017">
  <properties/>
  <testcase name="dialogRestoresExactOpener" classname="com.yfuse.tv.focus.FocusScopeStateMachineTest" time="0.003"/>
  <testcase name="rejectsStaleTargetsAndDuplicateScopes" classname="com.yfuse.tv.focus.FocusScopeStateMachineTest" time="0.013"/>
  <testcase name="nestedPanelIsRemovedWhenOwningDialogCloses" classname="com.yfuse.tv.focus.FocusScopeStateMachineTest" time="0.0"/>
  <testcase name="scopeUsesExplicitInitialTargetAndTracksActiveTrap" classname="com.yfuse.tv.focus.FocusScopeStateMachineTest" time="0.0"/>
  <system-out><![CDATA[]]></system-out>
  <system-err><![CDATA[]]></system-err>
</testsuite>
