<?xml version="1.0" encoding="UTF-8"?>
<testsuite name="com.yfuse.tv.player.TvMediaSessionAdapterTest" tests="2" skipped="0" failures="0" errors="0" timestamp="2026-09-15T04:26:39.285Z" hostname="DESKTOP-HM2J0FM" time="0.002">
  <properties/>
  <testcase name="queue_actions_only_advertise_available_directions" classname="com.yfuse.tv.player.TvMediaSessionAdapterTest" time="0.001"/>
  <testcase name="error_and_buffering_take_precedence_over_transport_intent" classname="com.yfuse.tv.player.TvMediaSessionAdapterTest" time="0.001"/>
  <system-out><![CDATA[]]></system-out>
  <system-err><![CDATA[]]></system-err>
</testsuite>
