<?xml version="1.0" encoding="UTF-8"?>
<testsuite name="com.yfuse.tv.integration.TvContinueWatchingWorkTest" tests="1" skipped="0" failures="0" errors="0" timestamp="2026-09-15T04:26:39.252Z" hostname="DESKTOP-HM2J0FM" time="0.014">
  <properties/>
  <testcase name="immediatePublicationUsesStableUniquePolicyAndExponentialBackoff" classname="com.yfuse.tv.integration.TvContinueWatchingWorkTest" time="0.014"/>
  <system-out><![CDATA[]]></system-out>
  <system-err><![CDATA[]]></system-err>
</testsuite>
