<?xml version="1.0" encoding="UTF-8"?>
<testsuite name="com.yfuse.core.data.ThemePreferencesTest" tests="2" skipped="0" failures="0" errors="0" timestamp="2026-09-09T07:13:48.966Z" hostname="DESKTOP-HM2J0FM" time="0.016">
  <properties/>
  <testcase name="pulse_sweep_can_be_disabled_and_restored_independently_of_reduced_motion" classname="com.yfuse.core.data.ThemePreferencesTest" time="0.015"/>
  <testcase name="player_preferences_survive_recreation" classname="com.yfuse.core.data.ThemePreferencesTest" time="0.0"/>
  <system-out><![CDATA[]]></system-out>
  <system-err><![CDATA[]]></system-err>
</testsuite>
