<?xml version="1.0" encoding="UTF-8"?>
<testsuite name="com.yfuse.core.designsystem.DialogMotionPolishTest" tests="5" skipped="0" failures="0" errors="0" timestamp="2026-09-22T01:21:16.739Z" hostname="DESKTOP-HM2J0FM" time="0.118">
  <properties/>
  <testcase name="early_dismissal_does_not_wait_for_a_full_exit" classname="com.yfuse.core.designsystem.DialogMotionPolishTest" time="0.001"/>
  <testcase name="drag_dismisses_once_and_respects_disabled_dismissal" classname="com.yfuse.core.designsystem.DialogMotionPolishTest" time="0.112"/>
  <testcase name="capsule_expands_monotonically_in_portrait_landscape_and_tiny_panels" classname="com.yfuse.core.designsystem.DialogMotionPolishTest" time="0.001"/>
  <testcase name="poster_morph_preserves_both_endpoints_and_reverses_without_position_jump" classname="com.yfuse.core.designsystem.DialogMotionPolishTest" time="0.003"/>
  <testcase name="drag_uses_distance_and_direction_and_rejects_accidental_flicks" classname="com.yfuse.core.designsystem.DialogMotionPolishTest" time="0.0"/>
  <system-out><![CDATA[]]></system-out>
  <system-err><![CDATA[]]></system-err>
</testsuite>
