<?xml version="1.0" encoding="UTF-8"?>
<testsuite name="com.yfuse.core2.subtitle.YEmbeddedTextSubtitleQueueTest" tests="4" skipped="0" failures="0" errors="0" timestamp="2026-09-21T01:44:00.605Z" hostname="DESKTOP-HM2J0FM" time="0.002">
  <properties/>
  <testcase name="rapid_dialogue_replaces_older_untimed_samples_at_their_pts" classname="com.yfuse.core2.subtitle.YEmbeddedTextSubtitleQueueTest" time="0.001"/>
  <testcase name="blank_timed_text_clears_at_its_pts_without_removing_history_or_other_channel" classname="com.yfuse.core2.subtitle.YEmbeddedTextSubtitleQueueTest" time="0.001"/>
  <testcase name="empty_display_clears_the_entire_same_timestamp_group" classname="com.yfuse.core2.subtitle.YEmbeddedTextSubtitleQueueTest" time="0.0"/>
  <testcase name="same_timestamp_groups_and_authored_ass_layers_are_not_flattened" classname="com.yfuse.core2.subtitle.YEmbeddedTextSubtitleQueueTest" time="0.0"/>
  <system-out><![CDATA[]]></system-out>
  <system-err><![CDATA[]]></system-err>
</testsuite>
