<?xml version="1.0" encoding="UTF-8"?>
<testsuite name="com.yfuse.core2.android.AndroidRuntimeCapabilityRegistryTest" tests="3" skipped="0" failures="0" errors="0" timestamp="2026-09-21T01:43:58.637Z" hostname="DESKTOP-HM2J0FM" time="0.002">
  <properties/>
  <testcase name="capabilityKeyRecordsDecoderInputInsteadOfToneMappedOutput" classname="com.yfuse.core2.android.AndroidRuntimeCapabilityRegistryTest" time="0.001"/>
  <testcase name="consecutiveRejectsAccumulateUntilSuccess" classname="com.yfuse.core2.android.AndroidRuntimeCapabilityRegistryTest" time="0.0"/>
  <testcase name="configuredEvidenceCannotDowngradeRenderedEvidence" classname="com.yfuse.core2.android.AndroidRuntimeCapabilityRegistryTest" time="0.001"/>
  <system-out><![CDATA[]]></system-out>
  <system-err><![CDATA[]]></system-err>
</testsuite>
