<?xml version="1.0" encoding="UTF-8"?>
<testsuite name="com.yfuse.core2.subtitle.YSubtitleParserCancellationTest" tests="1" skipped="0" failures="0" errors="0" timestamp="2026-09-21T01:44:00.642Z" hostname="DESKTOP-HM2J0FM" time="0.008">
  <properties/>
  <testcase name="large_srt_and_ass_scripts_stop_during_parsing_when_the_owner_cancels" classname="com.yfuse.core2.subtitle.YSubtitleParserCancellationTest" time="0.008"/>
  <system-out><![CDATA[]]></system-out>
  <system-err><![CDATA[]]></system-err>
</testsuite>
