<?xml version="1.0" encoding="UTF-8"?>
<testsuite name="com.yfuse.core2.hdr.YHdr10PlusParserTest" tests="2" skipped="0" failures="0" errors="0" timestamp="2026-09-21T01:44:00.461Z" hostname="DESKTOP-HM2J0FM" time="0.003">
  <properties/>
  <testcase name="parses_per_picture_luminance_and_tone_mapping" classname="com.yfuse.core2.hdr.YHdr10PlusParserTest" time="0.003"/>
  <testcase name="rejects_non_hdr10_plus_and_truncated_payloads" classname="com.yfuse.core2.hdr.YHdr10PlusParserTest" time="0.0"/>
  <system-out><![CDATA[]]></system-out>
  <system-err><![CDATA[]]></system-err>
</testsuite>
