<?xml version="1.0" encoding="UTF-8"?>
<testsuite name="com.yfuse.core2.dolby.YDolbyVisionConfigEncodingTest" tests="1" skipped="0" failures="0" errors="0" timestamp="2026-09-21T01:44:00.440Z" hostname="DESKTOP-HM2J0FM" time="0.0">
  <properties/>
  <testcase name="Dolby configuration round trips through Android csd-2 wire payload" classname="com.yfuse.core2.dolby.YDolbyVisionConfigEncodingTest" time="0.0"/>
  <system-out><![CDATA[]]></system-out>
  <system-err><![CDATA[]]></system-err>
</testsuite>
