<?xml version="1.0" encoding="UTF-8"?>
<testsuite name="com.yfuse.core2.android.AndroidSourceRouteStateRegistryTest" tests="3" skipped="0" failures="0" errors="0" timestamp="2026-09-21T01:43:58.640Z" hostname="DESKTOP-HM2J0FM" time="0.002">
  <properties/>
  <testcase name="facts_recorded_by_one_open_are_visible_to_the_next" classname="com.yfuse.core2.android.AndroidSourceRouteStateRegistryTest" time="0.001"/>
  <testcase name="every_open_of_the_same_uri_shares_one_route_state" classname="com.yfuse.core2.android.AndroidSourceRouteStateRegistryTest" time="0.0"/>
  <testcase name="the_registry_is_bounded_and_drops_the_least_recently_used_source" classname="com.yfuse.core2.android.AndroidSourceRouteStateRegistryTest" time="0.0"/>
  <system-out><![CDATA[]]></system-out>
  <system-err><![CDATA[]]></system-err>
</testsuite>
