<?xml version="1.0" encoding="UTF-8"?>
<testsuite name="com.yfuse.core2.android.AndroidEnhancedMediaProbeFailureMemoryTest" tests="4" skipped="0" failures="0" errors="0" timestamp="2026-09-21T01:43:55.135Z" hostname="DESKTOP-HM2J0FM" time="0.015">
  <properties/>
  <testcase name="refreshedUrlOrAuthorizationIsProbedImmediatelyForTheSameMediaIdentity" classname="com.yfuse.core2.android.AndroidEnhancedMediaProbeFailureMemoryTest" time="0.014"/>
  <testcase name="failedDeepProbeIsNotRepeatedInsideTheRetryWindow" classname="com.yfuse.core2.android.AndroidEnhancedMediaProbeFailureMemoryTest" time="0.0"/>
  <testcase name="laterSuccessReplacesTheRememberedFailure" classname="com.yfuse.core2.android.AndroidEnhancedMediaProbeFailureMemoryTest" time="0.001"/>
  <testcase name="unavailableBridgeIsNeverRemembered" classname="com.yfuse.core2.android.AndroidEnhancedMediaProbeFailureMemoryTest" time="0.0"/>
  <system-out><![CDATA[]]></system-out>
  <system-err><![CDATA[]]></system-err>
</testsuite>
