<?xml version="1.0" encoding="UTF-8"?>
<testsuite name="com.yfuse.core2.android.AndroidExternalSubtitleCancellationTest" tests="2" skipped="0" failures="0" errors="0" timestamp="2026-09-21T01:43:55.151Z" hostname="DESKTOP-HM2J0FM" time="0.174">
  <properties/>
  <testcase name="reset_closes_incomplete_http_bodies_before_loading_the_next_item" classname="com.yfuse.core2.android.AndroidExternalSubtitleCancellationTest" time="0.064"/>
  <testcase name="reset_cancels_two_real_header_waits_and_releases_both_subtitle_permits" classname="com.yfuse.core2.android.AndroidExternalSubtitleCancellationTest" time="0.11"/>
  <system-out><![CDATA[]]></system-out>
  <system-err><![CDATA[]]></system-err>
</testsuite>
